2025-05-18 03:50:38.502 [main] INFO  c.c.s.ServiceDiscoveryApplicationTests - Starting ServiceDiscoveryApplicationTests using Java 23.0.2 with PID 19496 (started by Ahmed Labib in D:\Acl-project-sem10\FinalProject-10-Chill\service_discovery)
2025-05-18 03:50:38.504 [main] INFO  c.c.s.ServiceDiscoveryApplicationTests - No active profile set, falling back to 1 default profile: "default"
2025-05-18 03:50:39.924 [main] INFO  o.s.cloud.context.scope.GenericScope - BeanFactory id=23316431-6259-3be0-8187-721605b92201
2025-05-18 03:50:40.020 [main] WARN  o.s.c.s.PostProcessorRegistrationDelegate$BeanPostProcessorChecker - Bean 'org.springframework.cloud.client.loadbalancer.LoadBalancerAutoConfiguration$DeferringLoadBalancerInterceptorConfig' of type [org.springframework.cloud.client.loadbalancer.LoadBalancerAutoConfiguration$DeferringLoadBalancerInterceptorConfig] is not eligible for getting processed by all BeanPostProcessors (for example: not eligible for auto-proxying). The currently created BeanPostProcessor [lbRestClientPostProcessor] is declared through a non-static factory method on that class; consider declaring it as static instead.
2025-05-18 03:50:40.024 [main] WARN  o.s.c.s.PostProcessorRegistrationDelegate$BeanPostProcessorChecker - Bean 'deferringLoadBalancerInterceptor' of type [org.springframework.cloud.client.loadbalancer.DeferringLoadBalancerInterceptor] is not eligible for getting processed by all BeanPostProcessors (for example: not eligible for auto-proxying). Is this bean getting eagerly injected into a currently created BeanPostProcessor [lbRestClientPostProcessor]? Check the corresponding BeanPostProcessor declaration and its dependencies.
2025-05-18 03:50:41.847 [main] INFO  o.s.cloud.commons.util.InetUtils - Cannot determine local hostname
2025-05-18 03:50:43.264 [main] INFO  o.s.cloud.commons.util.InetUtils - Cannot determine local hostname
2025-05-18 03:50:43.367 [main] WARN  o.s.c.l.c.LoadBalancerCacheAutoConfiguration$LoadBalancerCaffeineWarnLogger - Spring Cloud LoadBalancer is currently working with the default cache. While this cache implementation is useful for development and tests, it's recommended to use Caffeine cache in production.You can switch to using Caffeine cache, by adding it and org.springframework.cache.caffeine.CaffeineCacheManager to the classpath.
2025-05-18 03:50:43.772 [main] INFO  o.s.c.n.eureka.InstanceInfoFactory - Setting initial instance status as: STARTING
2025-05-18 03:50:43.812 [main] INFO  c.netflix.discovery.DiscoveryClient - Initializing Eureka in region us-east-1
2025-05-18 03:50:43.813 [main] INFO  c.netflix.discovery.DiscoveryClient - Client configured to neither register nor query for data.
2025-05-18 03:50:43.827 [main] INFO  c.netflix.discovery.DiscoveryClient - Discovery Client initialized at timestamp 1747529443825 with initial instances count: 0
2025-05-18 03:50:43.883 [main] INFO  c.n.e.DefaultEurekaServerContext - Initializing ...
2025-05-18 03:50:43.885 [main] WARN  c.n.eureka.cluster.PeerEurekaNodes - The replica size seems to be empty. Check the route 53 DNS Registry
2025-05-18 03:50:44.052 [main] INFO  c.n.e.r.AbstractInstanceRegistry - Finished initializing remote region registries. All known remote regions: []
2025-05-18 03:50:44.056 [main] INFO  c.n.e.DefaultEurekaServerContext - Initialized
2025-05-18 03:50:44.260 [main] INFO  o.s.b.a.e.web.EndpointLinksResolver - Exposing 1 endpoint(s) beneath base path '/actuator'
2025-05-18 03:50:44.324 [main] INFO  o.s.c.n.e.s.EurekaServiceRegistry - Registering application EUREKA-SERVER with eureka with status UP
2025-05-18 03:50:44.347 [Thread-10] INFO  o.s.c.n.e.s.EurekaServerBootstrap - isAws returned false
2025-05-18 03:50:44.348 [Thread-10] INFO  o.s.c.n.e.s.EurekaServerBootstrap - Initialized server context
2025-05-18 03:50:44.348 [Thread-10] INFO  c.n.e.r.PeerAwareInstanceRegistryImpl - Got 1 instances from neighboring DS node
2025-05-18 03:50:44.348 [Thread-10] INFO  c.n.e.r.PeerAwareInstanceRegistryImpl - Renew threshold is: 1
2025-05-18 03:50:44.348 [Thread-10] INFO  c.n.e.r.PeerAwareInstanceRegistryImpl - Changing status to UP
2025-05-18 03:50:44.354 [main] INFO  c.c.s.ServiceDiscoveryApplicationTests - Started ServiceDiscoveryApplicationTests in 7.65 seconds (process running for 8.956)
2025-05-18 03:50:44.370 [Thread-10] INFO  o.s.c.n.e.s.EurekaServerInitializerConfiguration - Started Eureka Server
2025-05-18 03:50:46.054 [SpringApplicationShutdownHook] INFO  o.s.c.n.e.s.EurekaServiceRegistry - Unregistering application EUREKA-SERVER with eureka with status DOWN
2025-05-18 03:50:46.057 [SpringApplicationShutdownHook] INFO  o.s.c.n.e.s.EurekaServerBootstrap - Shutting down Eureka Server..
2025-05-18 03:50:46.064 [SpringApplicationShutdownHook] INFO  c.n.e.DefaultEurekaServerContext - Shutting down ...
2025-05-18 03:50:46.075 [SpringApplicationShutdownHook] INFO  c.n.e.DefaultEurekaServerContext - Shut down
2025-05-18 03:50:46.075 [SpringApplicationShutdownHook] INFO  o.s.c.n.e.s.EurekaServerBootstrap - Eureka Service is now shutdown...
2025-05-18 03:50:46.076 [SpringApplicationShutdownHook] INFO  c.n.e.DefaultEurekaServerContext - Shutting down ...
2025-05-18 03:50:46.082 [SpringApplicationShutdownHook] INFO  c.n.e.DefaultEurekaServerContext - Shut down
2025-05-18 03:50:46.088 [SpringApplicationShutdownHook] INFO  c.netflix.discovery.DiscoveryClient - Shutting down DiscoveryClient ...
2025-05-18 03:50:46.090 [SpringApplicationShutdownHook] INFO  c.netflix.discovery.DiscoveryClient - Completed shut down of DiscoveryClient
